  VarNine.c
C:\CProjectLABACH\OneVar\VarNine\VarNine.c(9,10): warning C4476: "scanf_s": неизвестный символ поля типа " " в описателе формата
C:\CProjectLABACH\OneVar\VarNine\VarNine.c(9,37): warning C4474: "scanf_s" : для строки формата передано слишком много аргументов
C:\CProjectLABACH\OneVar\VarNine\VarNine.c(9,37): message : заполнители и их параметры ожидают переменное число аргументов в количестве 2, но было предоставлено 3
C:\CProjectLABACH\OneVar\VarNine\VarNine.c(10,28): warning C4554: "&": проверьте приоритет операторов на ошибки; для уточнения приоритета используйте скобки
C:\CProjectLABACH\OneVar\VarNine\VarNine.c(10,39): warning C4554: "&": проверьте приоритет операторов на ошибки; для уточнения приоритета используйте скобки
C:\CProjectLABACH\OneVar\VarNine\VarNine.c(14,34): warning C4554: "&": проверьте приоритет операторов на ошибки; для уточнения приоритета используйте скобки
C:\CProjectLABACH\OneVar\VarNine\VarNine.c(14,74): warning C4554: "&": проверьте приоритет операторов на ошибки; для уточнения приоритета используйте скобки
C:\CProjectLABACH\OneVar\VarNine\VarNine.c(14,114): warning C4554: "&": проверьте приоритет операторов на ошибки; для уточнения приоритета используйте скобки
C:\CProjectLABACH\OneVar\VarNine\VarNine.c(14,154): warning C4554: "&": проверьте приоритет операторов на ошибки; для уточнения приоритета используйте скобки
C:\CProjectLABACH\OneVar\VarNine\VarNine.c(14,194): warning C4554: "&": проверьте приоритет операторов на ошибки; для уточнения приоритета используйте скобки
C:\CProjectLABACH\OneVar\VarNine\VarNine.c(14,234): warning C4554: "&": проверьте приоритет операторов на ошибки; для уточнения приоритета используйте скобки
C:\CProjectLABACH\OneVar\VarNine\VarNine.c(18,34): warning C4554: "&": проверьте приоритет операторов на ошибки; для уточнения приоритета используйте скобки
C:\CProjectLABACH\OneVar\VarNine\VarNine.c(18,74): warning C4554: "&": проверьте приоритет операторов на ошибки; для уточнения приоритета используйте скобки
C:\CProjectLABACH\OneVar\VarNine\VarNine.c(18,114): warning C4554: "&": проверьте приоритет операторов на ошибки; для уточнения приоритета используйте скобки
C:\CProjectLABACH\OneVar\VarNine\VarNine.c(18,154): warning C4554: "&": проверьте приоритет операторов на ошибки; для уточнения приоритета используйте скобки
C:\CProjectLABACH\OneVar\VarNine\VarNine.c(18,194): warning C4554: "&": проверьте приоритет операторов на ошибки; для уточнения приоритета используйте скобки
C:\CProjectLABACH\OneVar\VarNine\VarNine.c(18,234): warning C4554: "&": проверьте приоритет операторов на ошибки; для уточнения приоритета используйте скобки
C:\CProjectLABACH\OneVar\VarNine\VarNine.c(18,274): warning C4554: "&": проверьте приоритет операторов на ошибки; для уточнения приоритета используйте скобки
C:\CProjectLABACH\OneVar\VarNine\VarNine.c(18,314): warning C4554: "&": проверьте приоритет операторов на ошибки; для уточнения приоритета используйте скобки
C:\CProjectLABACH\OneVar\VarNine\VarNine.c(18,354): warning C4554: "&": проверьте приоритет операторов на ошибки; для уточнения приоритета используйте скобки
C:\CProjectLABACH\OneVar\VarNine\VarNine.c(18,394): warning C4554: "&": проверьте приоритет операторов на ошибки; для уточнения приоритета используйте скобки
C:\CProjectLABACH\OneVar\VarNine\VarNine.c(18,434): warning C4554: "&": проверьте приоритет операторов на ошибки; для уточнения приоритета используйте скобки
C:\CProjectLABACH\OneVar\VarNine\VarNine.c(18,474): warning C4554: "&": проверьте приоритет операторов на ошибки; для уточнения приоритета используйте скобки
C:\CProjectLABACH\OneVar\VarNine\VarNine.c(18,514): warning C4554: "&": проверьте приоритет операторов на ошибки; для уточнения приоритета используйте скобки
C:\CProjectLABACH\OneVar\VarNine\VarNine.c(18,554): warning C4554: "&": проверьте приоритет операторов на ошибки; для уточнения приоритета используйте скобки
C:\CProjectLABACH\OneVar\VarNine\VarNine.c(18,594): warning C4554: "&": проверьте приоритет операторов на ошибки; для уточнения приоритета используйте скобки
C:\CProjectLABACH\OneVar\VarNine\VarNine.c(18,634): warning C4554: "&": проверьте приоритет операторов на ошибки; для уточнения приоритета используйте скобки
  VarNine.vcxproj -> C:\CProjectLABACH\OneVar\x64\Debug\VarNine.exe
